2017-04-11 22:31:41 UNKNOW 11016    log_test.cpp      30     - test
2017-04-11 22:31:41 NOTSET 11016    log_test.cpp      31     - test
2017-04-11 22:31:41 TRACE  11016    log_test.cpp      32     - test
2017-04-11 22:31:41 DEBUG  11016    log_test.cpp      33     - test
2017-04-11 22:31:41 INFO   11016    log_test.cpp      34     - test
2017-04-11 22:31:41 NOTICE 11016    log_test.cpp      35     - test
2017-04-11 22:31:41 WARN   11016    log_test.cpp      36     - test
2017-04-11 22:31:41 ERROR  11016    log_test.cpp      37     - test
2017-04-11 22:31:41 CRIT   11016    log_test.cpp      38     - test
2017-04-11 22:31:41 ALERT  11016    log_test.cpp      39     - test
2017-04-11 22:31:41 FATAL  11016    log_test.cpp      40     - test
2017-04-11 22:31:41 UNKNOW 11016    log_test.cpp      20     - test tid 0
2017-04-11 22:31:41 UNKNOW 11016    log_test.cpp      20     - test tid 1
2017-04-11 22:31:41 UNKNOW 11016    log_test.cpp      20     - test tid 2
2017-04-11 22:31:41 UNKNOW 11016    log_test.cpp      20     - test tid 3
2017-04-11 22:31:41 UNKNOW 11016    log_test.cpp      20     - test tid 4
2017-04-11 22:31:41 UNKNOW 11016    log_test.cpp      20     - test tid 5
2017-04-11 22:31:41 UNKNOW 11016    log_test.cpp      20     - test tid 6
2017-04-11 22:31:41 UNKNOW 11016    log_test.cpp      20     - test tid 7
2017-04-11 22:31:41 UNKNOW 11016    log_test.cpp      20     - test tid 8
2017-04-11 22:31:41 UNKNOW 11016    log_test.cpp      20     - test tid 9
2017-04-11 22:31:41 UNKNOW 11016    log_test.cpp      20     - test tid 10
2017-04-11 22:31:41 UNKNOW 11016    log_test.cpp      20     - test tid 11
2017-04-11 22:31:41 UNKNOW 11016    log_test.cpp      20     - test tid 12
2017-04-11 22:31:41 UNKNOW 11016    log_test.cpp      20     - test tid 13
2017-04-11 22:31:41 UNKNOW 11016    log_test.cpp      20     - test tid 14
2017-04-11 22:31:41 UNKNOW 11016    log_test.cpp      20     - test tid 15
2017-04-11 22:31:41 UNKNOW 11016    log_test.cpp      20     - test tid 16
2017-04-11 22:31:41 UNKNOW 11016    log_test.cpp      20     - test tid 17
2017-04-11 22:31:41 UNKNOW 11016    log_test.cpp      20     - test tid 18
2017-04-11 22:31:41 UNKNOW 11016    log_test.cpp      20     - test tid 19
2017-04-11 22:31:41 UNKNOW 11016    log_test.cpp      20     - test tid 20
2017-04-11 22:31:41 UNKNOW 11016    log_test.cpp      20     - test tid 21
2017-04-11 22:31:41 UNKNOW 11016    log_test.cpp      20     - test tid 22
2017-04-11 22:31:41 UNKNOW 11016    log_test.cpp      20     - test tid 23
2017-04-11 22:31:41 UNKNOW 11016    log_test.cpp      20     - test tid 24
2017-04-11 22:31:41 UNKNOW 11016    log_test.cpp      20     - test tid 25
2017-04-11 22:31:41 UNKNOW 11016    log_test.cpp      20     - test tid 26
2017-04-11 22:31:41 UNKNOW 11016    log_test.cpp      20     - test tid 27
2017-04-11 22:31:41 UNKNOW 11016    log_test.cpp      20     - test tid 28
2017-04-11 22:31:41 UNKNOW 11016    log_test.cpp      20     - test tid 29
2017-04-11 22:31:41 UNKNOW 11016    log_test.cpp      20     - test tid 30
2017-04-11 22:31:41 UNKNOW 11016    log_test.cpp      20     - test tid 31
2017-04-11 22:31:41 UNKNOW 11016    log_test.cpp      20     - test tid 32
2017-04-11 22:31:41 UNKNOW 11016    log_test.cpp      20     - test tid 33
2017-04-11 22:31:41 UNKNOW 11016    log_test.cpp      20     - test tid 34
2017-04-11 22:31:41 UNKNOW 11016    log_test.cpp      20     - test tid 35
2017-04-11 22:31:41 UNKNOW 11016    log_test.cpp      20     - test tid 36
2017-04-11 22:31:41 UNKNOW 11016    log_test.cpp      20     - test tid 37
2017-04-11 22:31:41 UNKNOW 11016    log_test.cpp      20     - test tid 38
2017-04-11 22:31:41 UNKNOW 11016    log_test.cpp      20     - test tid 39
2017-04-11 22:31:41 UNKNOW 11016    log_test.cpp      20     - test tid 40
2017-04-11 22:31:41 UNKNOW 11016    log_test.cpp      20     - test tid 41
2017-04-11 22:31:41 UNKNOW 11016    log_test.cpp      20     - test tid 0
2017-04-11 22:31:41 UNKNOW 11016    log_test.cpp      20     - test tid 1
2017-04-11 22:31:41 UNKNOW 11016    log_test.cpp      20     - test tid 2
2017-04-11 22:31:41 UNKNOW 11016    log_test.cpp      20     - test tid 3
2017-04-11 22:31:41 UNKNOW 11016    log_test.cpp      20     - test tid 4
2017-04-11 22:31:41 UNKNOW 11016    log_test.cpp      20     - test tid 5
2017-04-11 22:31:41 UNKNOW 11016    log_test.cpp      20     - test tid 6
2017-04-11 22:31:41 UNKNOW 11016    log_test.cpp      20     - test tid 7
2017-04-11 22:31:41 UNKNOW 11016    log_test.cpp      20     - test tid 8
2017-04-11 22:31:41 UNKNOW 11016    log_test.cpp      20     - test tid 9
2017-04-11 22:31:41 UNKNOW 11016    log_test.cpp      20     - test tid 10
2017-04-11 22:31:41 UNKNOW 11016    log_test.cpp      20     - test tid 11
2017-04-11 22:31:41 UNKNOW 11016    log_test.cpp      20     - test tid 12
2017-04-11 22:31:41 UNKNOW 11016    log_test.cpp      20     - test tid 13
2017-04-11 22:31:41 UNKNOW 11016    log_test.cpp      20     - test tid 14
2017-04-11 22:31:41 UNKNOW 11016    log_test.cpp      20     - test tid 15
2017-04-11 22:31:41 UNKNOW 11016    log_test.cpp      20     - test tid 16
2017-04-11 22:31:41 UNKNOW 11016    log_test.cpp      20     - test tid 17
2017-04-11 22:31:41 UNKNOW 11016    log_test.cpp      20     - test tid 18
2017-04-11 22:31:41 UNKNOW 11016    log_test.cpp      20     - test tid 19
2017-04-11 22:31:41 UNKNOW 11016    log_test.cpp      20     - test tid 20
2017-04-11 22:31:41 UNKNOW 11016    log_test.cpp      20     - test tid 21
2017-04-11 22:31:41 UNKNOW 11016    log_test.cpp      20     - test tid 22
2017-04-11 22:31:41 UNKNOW 11016    log_test.cpp      20     - test tid 23
2017-04-11 22:31:41 UNKNOW 11016    log_test.cpp      20     - test tid 24
2017-04-11 22:31:41 UNKNOW 11016    log_test.cpp      20     - test tid 25
2017-04-11 22:31:41 UNKNOW 11016    log_test.cpp      20     - test tid 26
2017-04-11 22:31:41 UNKNOW 11016    log_test.cpp      20     - test tid 27
2017-04-11 22:31:41 UNKNOW 11016    log_test.cpp      20     - test tid 28
2017-04-11 22:31:41 UNKNOW 11016    log_test.cpp      20     - test tid 29
2017-04-11 22:31:41 UNKNOW 11016    log_test.cpp      20     - test tid 30
2017-04-11 22:31:41 UNKNOW 11016    log_test.cpp      20     - test tid 31
2017-04-11 22:31:41 UNKNOW 11016    log_test.cpp      20     - test tid 32
2017-04-11 22:31:41 UNKNOW 11016    log_test.cpp      20     - test tid 33
2017-04-11 22:31:41 UNKNOW 11016    log_test.cpp      20     - test tid 34
2017-04-11 22:31:41 UNKNOW 11016    log_test.cpp      20     - test tid 35
2017-04-11 22:31:41 UNKNOW 11016    log_test.cpp      20     - test tid 36
2017-04-11 22:31:41 UNKNOW 11016    log_test.cpp      20     - test tid 37
2017-04-11 22:31:41 UNKNOW 11016    log_test.cpp      20     - test tid 38
2017-04-11 22:31:41 UNKNOW 11016    log_test.cpp      20     - test tid 39
2017-04-11 22:31:41 UNKNOW 11016    log_test.cpp      20     - test tid 40
2017-04-11 22:31:41 UNKNOW 11016    log_test.cpp      20     - test tid 41
2017-04-11 22:31:41 UNKNOW 11016    log_test.cpp      20     - test tid 42
2017-04-11 22:31:41 UNKNOW 11016    log_test.cpp      20     - test tid 43
2017-04-11 22:31:41 UNKNOW 11016    log_test.cpp      20     - test tid 44
2017-04-11 22:31:41 UNKNOW 11016    log_test.cpp      20     - test tid 45
2017-04-11 22:31:41 UNKNOW 11016    log_test.cpp      20     - test tid 46
2017-04-11 22:31:41 UNKNOW 11016    log_test.cpp      20     - test tid 47
2017-04-11 22:31:41 UNKNOW 11016    log_test.cpp      20     - test tid 48
2017-04-11 22:31:41 UNKNOW 11016    log_test.cpp      20     - test tid 49
2017-04-11 22:31:41 UNKNOW 11016    log_test.cpp      20     - test tid 50
2017-04-11 22:31:41 UNKNOW 11016    log_test.cpp      20     - test tid 51
2017-04-11 22:31:41 UNKNOW 11016    log_test.cpp      20     - test tid 52
2017-04-11 22:31:41 UNKNOW 11016    log_test.cpp      20     - test tid 53
2017-04-11 22:31:41 UNKNOW 11016    log_test.cpp      20     - test tid 54
2017-04-11 22:31:41 UNKNOW 11016    log_test.cpp      20     - test tid 55
2017-04-11 22:31:41 UNKNOW 11016    log_test.cpp      20     - test tid 56
2017-04-11 22:31:41 UNKNOW 11016    log_test.cpp      20     - test tid 57
2017-04-11 22:31:41 UNKNOW 11016    log_test.cpp      20     - test tid 58
2017-04-11 22:31:41 UNKNOW 11016    log_test.cpp      20     - test tid 59
2017-04-11 22:31:41 UNKNOW 11016    log_test.cpp      20     - test tid 60
2017-04-11 22:31:41 UNKNOW 11016    log_test.cpp      20     - test tid 61
2017-04-11 22:31:41 UNKNOW 11016    log_test.cpp      20     - test tid 62
2017-04-11 22:31:41 UNKNOW 11016    log_test.cpp      20     - test tid 63
2017-04-11 22:31:41 UNKNOW 11016    log_test.cpp      20     - test tid 0
2017-04-11 22:31:41 UNKNOW 11016    log_test.cpp      20     - test tid 1
2017-04-11 22:31:41 UNKNOW 11016    log_test.cpp      20     - test tid 2
2017-04-11 22:31:41 UNKNOW 11016    log_test.cpp      20     - test tid 3
2017-04-11 22:31:41 UNKNOW 11016    log_test.cpp      20     - test tid 4
2017-04-11 22:31:41 UNKNOW 11016    log_test.cpp      20     - test tid 5
2017-04-11 22:31:41 UNKNOW 11016    log_test.cpp      20     - test tid 6
2017-04-11 22:31:41 UNKNOW 11016    log_test.cpp      20     - test tid 7
2017-04-11 22:31:41 UNKNOW 11016    log_test.cpp      20     - test tid 8
2017-04-11 22:31:41 UNKNOW 11016    log_test.cpp      20     - test tid 9
2017-04-11 22:31:41 UNKNOW 11016    log_test.cpp      20     - test tid 10
2017-04-11 22:31:41 UNKNOW 11016    log_test.cpp      20     - test tid 11
2017-04-11 22:31:41 UNKNOW 11016    log_test.cpp      20     - test tid 12
2017-04-11 22:31:41 UNKNOW 11016    log_test.cpp      20     - test tid 13
2017-04-11 22:31:41 UNKNOW 11016    log_test.cpp      20     - test tid 14
2017-04-11 22:31:41 UNKNOW 11016    log_test.cpp      20     - test tid 15
2017-04-11 22:31:41 UNKNOW 11016    log_test.cpp      20     - test tid 16
2017-04-11 22:31:41 UNKNOW 11016    log_test.cpp      20     - test tid 17
2017-04-11 22:31:41 UNKNOW 11016    log_test.cpp      20     - test tid 18
2017-04-11 22:31:41 UNKNOW 11016    log_test.cpp      20     - test tid 19
2017-04-11 22:31:41 UNKNOW 11016    log_test.cpp      20     - test tid 20
2017-04-11 22:31:41 UNKNOW 11016    log_test.cpp      20     - test tid 21
2017-04-11 22:31:41 UNKNOW 11016    log_test.cpp      20     - test tid 22
2017-04-11 22:31:41 UNKNOW 11016    log_test.cpp      20     - test tid 23
2017-04-11 22:31:41 UNKNOW 11016    log_test.cpp      20     - test tid 24
2017-04-11 22:31:41 UNKNOW 11016    log_test.cpp      20     - test tid 25
2017-04-11 22:31:41 UNKNOW 11016    log_test.cpp      20     - test tid 26
2017-04-11 22:31:41 UNKNOW 11016    log_test.cpp      20     - test tid 27
2017-04-11 22:31:41 UNKNOW 11016    log_test.cpp      20     - test tid 28
2017-04-11 22:31:41 UNKNOW 11016    log_test.cpp      20     - test tid 29
2017-04-11 22:31:41 UNKNOW 11016    log_test.cpp      20     - test tid 30
2017-04-11 22:31:41 UNKNOW 11016    log_test.cpp      20     - test tid 31
2017-04-11 22:31:41 UNKNOW 11016    log_test.cpp      20     - test tid 32
2017-04-11 22:31:41 UNKNOW 11016    log_test.cpp      20     - test tid 33
2017-04-11 22:31:41 UNKNOW 11016    log_test.cpp      20     - test tid 34
2017-04-11 22:31:41 UNKNOW 11016    log_test.cpp      20     - test tid 35
2017-04-11 22:31:41 UNKNOW 11016    log_test.cpp      20     - test tid 36
2017-04-11 22:31:41 UNKNOW 11016    log_test.cpp      20     - test tid 37
2017-04-11 22:31:41 UNKNOW 11016    log_test.cpp      20     - test tid 38
2017-04-11 22:31:41 UNKNOW 11016    log_test.cpp      20     - test tid 39
2017-04-11 22:31:41 UNKNOW 11016    log_test.cpp      20     - test tid 40
2017-04-11 22:31:41 UNKNOW 11016    log_test.cpp      20     - test tid 41
2017-04-11 22:31:41 UNKNOW 11016    log_test.cpp      20     - test tid 42
2017-04-11 22:31:41 UNKNOW 11016    log_test.cpp      20     - test tid 43
2017-04-11 22:31:41 UNKNOW 11016    log_test.cpp      20     - test tid 44
2017-04-11 22:31:41 UNKNOW 11016    log_test.cpp      20     - test tid 45
2017-04-11 22:31:41 UNKNOW 11016    log_test.cpp      20     - test tid 46
2017-04-11 22:31:41 UNKNOW 11016    log_test.cpp      20     - test tid 47
2017-04-11 22:31:41 UNKNOW 11016    log_test.cpp      20     - test tid 48
2017-04-11 22:31:41 UNKNOW 11016    log_test.cpp      20     - test tid 49
2017-04-11 22:31:41 UNKNOW 11016    log_test.cpp      20     - test tid 50
2017-04-11 22:31:41 UNKNOW 11016    log_test.cpp      20     - test tid 51
2017-04-11 22:31:41 UNKNOW 11016    log_test.cpp      20     - test tid 52
2017-04-11 22:31:41 UNKNOW 11016    log_test.cpp      20     - test tid 53
2017-04-11 22:31:41 UNKNOW 11016    log_test.cpp      20     - test tid 54
2017-04-11 22:31:41 UNKNOW 11016    log_test.cpp      20     - test tid 55
2017-04-11 22:31:41 UNKNOW 11016    log_test.cpp      20     - test tid 56
2017-04-11 22:31:41 UNKNOW 11016    log_test.cpp      20     - test tid 57
2017-04-11 22:31:41 UNKNOW 11016    log_test.cpp      20     - test tid 58
2017-04-11 22:31:41 UNKNOW 11016    log_test.cpp      20     - test tid 59
2017-04-11 22:31:41 UNKNOW 11016    log_test.cpp      20     - test tid 60
2017-04-11 22:31:41 UNKNOW 11016    log_test.cpp      20     - test tid 61
2017-04-11 22:31:41 UNKNOW 11016    log_test.cpp      20     - test tid 62
2017-04-11 22:31:41 UNKNOW 11016    log_test.cpp      20     - test tid 63
2017-04-11 22:31:41 UNKNOW 11016    log_test.cpp      20     - test tid 64
2017-04-11 22:31:41 UNKNOW 11016    log_test.cpp      20     - test tid 65
2017-04-11 22:31:41 UNKNOW 11016    log_test.cpp      20     - test tid 66
2017-04-11 22:31:41 UNKNOW 11016    log_test.cpp      20     - test tid 67
2017-04-11 22:31:41 UNKNOW 11016    log_test.cpp      20     - test tid 68
2017-04-11 22:31:41 UNKNOW 11016    log_test.cpp      20     - test tid 69
2017-04-11 22:31:41 UNKNOW 11016    log_test.cpp      20     - test tid 70
2017-04-11 22:31:41 UNKNOW 11016    log_test.cpp      20     - test tid 71
2017-04-11 22:31:41 UNKNOW 11016    log_test.cpp      20     - test tid 72
2017-04-11 22:31:41 UNKNOW 11016    log_test.cpp      20     - test tid 73
2017-04-11 22:31:41 UNKNOW 11016    log_test.cpp      20     - test tid 74
2017-04-11 22:31:41 UNKNOW 11016    log_test.cpp      20     - test tid 75
2017-04-11 22:31:41 UNKNOW 11016    log_test.cpp      20     - test tid 76
2017-04-11 22:31:41 UNKNOW 11016    log_test.cpp      20     - test tid 77
2017-04-11 22:31:41 UNKNOW 11016    log_test.cpp      20     - test tid 78
2017-04-11 22:31:41 UNKNOW 11016    log_test.cpp      20     - test tid 79
2017-04-11 22:31:41 UNKNOW 11016    log_test.cpp      20     - test tid 80
2017-04-11 22:31:41 UNKNOW 11016    log_test.cpp      20     - test tid 0
2017-04-11 22:31:41 UNKNOW 11016    log_test.cpp      20     - test tid 1
2017-04-11 22:31:41 UNKNOW 11016    log_test.cpp      20     - test tid 2
2017-04-11 22:31:41 UNKNOW 11016    log_test.cpp      20     - test tid 3
2017-04-11 22:31:41 UNKNOW 11016    log_test.cpp      20     - test tid 4
2017-04-11 22:31:41 UNKNOW 11016    log_test.cpp      20     - test tid 5
2017-04-11 22:31:41 UNKNOW 11016    log_test.cpp      20     - test tid 6
2017-04-11 22:31:41 UNKNOW 11016    log_test.cpp      20     - test tid 7
2017-04-11 22:31:41 UNKNOW 11016    log_test.cpp      20     - test tid 8
2017-04-11 22:31:41 UNKNOW 11016    log_test.cpp      20     - test tid 9
2017-04-11 22:31:41 UNKNOW 11016    log_test.cpp      20     - test tid 10
2017-04-11 22:31:41 UNKNOW 11016    log_test.cpp      20     - test tid 11
2017-04-11 22:31:41 UNKNOW 11016    log_test.cpp      20     - test tid 12
2017-04-11 22:31:41 UNKNOW 11016    log_test.cpp      20     - test tid 13
2017-04-11 22:31:41 UNKNOW 11016    log_test.cpp      20     - test tid 14
2017-04-11 22:31:41 UNKNOW 11016    log_test.cpp      20     - test tid 15
2017-04-11 22:31:41 UNKNOW 11016    log_test.cpp      20     - test tid 16
2017-04-11 22:31:41 UNKNOW 11016    log_test.cpp      20     - test tid 17
2017-04-11 22:31:41 UNKNOW 11016    log_test.cpp      20     - test tid 18
2017-04-11 22:31:41 UNKNOW 11016    log_test.cpp      20     - test tid 19
2017-04-11 22:31:41 UNKNOW 11016    log_test.cpp      20     - test tid 20
2017-04-11 22:31:41 UNKNOW 11016    log_test.cpp      20     - test tid 21
2017-04-11 22:31:41 UNKNOW 11016    log_test.cpp      20     - test tid 22
2017-04-11 22:31:41 UNKNOW 11016    log_test.cpp      20     - test tid 23
2017-04-11 22:31:41 UNKNOW 11016    log_test.cpp      20     - test tid 24
2017-04-11 22:31:41 UNKNOW 11016    log_test.cpp      20     - test tid 25
2017-04-11 22:31:41 UNKNOW 11016    log_test.cpp      20     - test tid 26
2017-04-11 22:31:41 UNKNOW 11016    log_test.cpp      20     - test tid 27
2017-04-11 22:31:41 UNKNOW 11016    log_test.cpp      20     - test tid 28
2017-04-11 22:31:41 UNKNOW 11016    log_test.cpp      20     - test tid 29
2017-04-11 22:31:41 UNKNOW 11016    log_test.cpp      20     - test tid 30
2017-04-11 22:31:41 UNKNOW 11016    log_test.cpp      20     - test tid 31
2017-04-11 22:31:41 UNKNOW 11016    log_test.cpp      20     - test tid 32
2017-04-11 22:31:41 UNKNOW 11016    log_test.cpp      20     - test tid 33
2017-04-11 22:31:41 UNKNOW 11016    log_test.cpp      20     - test tid 34
2017-04-11 22:31:41 UNKNOW 11016    log_test.cpp      20     - test tid 35
2017-04-11 22:31:41 UNKNOW 11016    log_test.cpp      20     - test tid 36
2017-04-11 22:31:41 UNKNOW 11016    log_test.cpp      20     - test tid 37
2017-04-11 22:31:41 UNKNOW 11016    log_test.cpp      20     - test tid 38
2017-04-11 22:31:41 UNKNOW 11016    log_test.cpp      20     - test tid 39
2017-04-11 22:31:41 UNKNOW 11016    log_test.cpp      20     - test tid 40
2017-04-11 22:31:41 UNKNOW 11016    log_test.cpp      20     - test tid 41
2017-04-11 22:31:41 UNKNOW 11016    log_test.cpp      20     - test tid 42
2017-04-11 22:31:41 UNKNOW 11016    log_test.cpp      20     - test tid 43
2017-04-11 22:31:41 UNKNOW 11016    log_test.cpp      20     - test tid 44
2017-04-11 22:31:41 UNKNOW 11016    log_test.cpp      20     - test tid 45
2017-04-11 22:31:41 UNKNOW 11016    log_test.cpp      20     - test tid 46
2017-04-11 22:31:41 UNKNOW 11016    log_test.cpp      20     - test tid 47
2017-04-11 22:31:41 UNKNOW 11016    log_test.cpp      20     - test tid 48
2017-04-11 22:31:41 UNKNOW 11016    log_test.cpp      20     - test tid 49
2017-04-11 22:31:41 UNKNOW 11016    log_test.cpp      20     - test tid 50
2017-04-11 22:31:41 UNKNOW 11016    log_test.cpp      20     - test tid 51
2017-04-11 22:31:41 UNKNOW 11016    log_test.cpp      20     - test tid 52
2017-04-11 22:31:41 UNKNOW 11016    log_test.cpp      20     - test tid 53
2017-04-11 22:31:41 UNKNOW 11016    log_test.cpp      20     - test tid 54
2017-04-11 22:31:41 UNKNOW 11016    log_test.cpp      20     - test tid 55
2017-04-11 22:31:41 UNKNOW 11016    log_test.cpp      20     - test tid 56
2017-04-11 22:31:41 UNKNOW 11016    log_test.cpp      20     - test tid 57
2017-04-11 22:31:41 UNKNOW 11016    log_test.cpp      20     - test tid 58
2017-04-11 22:31:41 UNKNOW 11016    log_test.cpp      20     - test tid 59
2017-04-11 22:31:41 UNKNOW 11016    log_test.cpp      20     - test tid 60
2017-04-11 22:31:41 UNKNOW 11016    log_test.cpp      20     - test tid 61
2017-04-11 22:31:41 UNKNOW 11016    log_test.cpp      20     - test tid 62
2017-04-11 22:31:41 UNKNOW 11016    log_test.cpp      20     - test tid 63
2017-04-11 22:31:41 UNKNOW 11016    log_test.cpp      20     - test tid 64
2017-04-11 22:31:41 UNKNOW 11016    log_test.cpp      20     - test tid 65
2017-04-11 22:31:41 UNKNOW 11016    log_test.cpp      20     - test tid 66
2017-04-11 22:31:41 UNKNOW 11016    log_test.cpp      20     - test tid 67
2017-04-11 22:31:41 UNKNOW 11016    log_test.cpp      20     - test tid 68
2017-04-11 22:31:41 UNKNOW 11016    log_test.cpp      20     - test tid 69
2017-04-11 22:31:41 UNKNOW 11016    log_test.cpp      20     - test tid 70
2017-04-11 22:31:41 UNKNOW 11016    log_test.cpp      20     - test tid 71
2017-04-11 22:31:41 UNKNOW 11016    log_test.cpp      20     - test tid 72
2017-04-11 22:31:41 UNKNOW 11016    log_test.cpp      20     - test tid 73
2017-04-11 22:31:41 UNKNOW 11016    log_test.cpp      20     - test tid 74
2017-04-11 22:31:41 UNKNOW 11016    log_test.cpp      20     - test tid 75
2017-04-11 22:31:41 UNKNOW 11016    log_test.cpp      20     - test tid 76
2017-04-11 22:31:41 UNKNOW 11016    log_test.cpp      20     - test tid 77
2017-04-11 22:31:41 UNKNOW 11016    log_test.cpp      20     - test tid 78
2017-04-11 22:31:41 UNKNOW 11016    log_test.cpp      20     - test tid 79
2017-04-11 22:31:41 UNKNOW 11016    log_test.cpp      20     - test tid 80
2017-04-11 22:31:41 UNKNOW 11016    log_test.cpp      20     - test tid 81
2017-04-11 22:31:41 UNKNOW 11016    log_test.cpp      20     - test tid 82
2017-04-11 22:31:41 UNKNOW 11016    log_test.cpp      20     - test tid 83
2017-04-11 22:31:41 UNKNOW 11016    log_test.cpp      20     - test tid 84
2017-04-11 22:31:41 UNKNOW 11016    log_test.cpp      20     - test tid 85
2017-04-11 22:31:41 UNKNOW 11016    log_test.cpp      20     - test tid 86
2017-04-11 22:31:41 UNKNOW 11016    log_test.cpp      20     - test tid 87
2017-04-11 22:31:41 UNKNOW 11016    log_test.cpp      20     - test tid 88
2017-04-11 22:31:41 UNKNOW 11016    log_test.cpp      20     - test tid 89
2017-04-11 22:31:41 UNKNOW 11016    log_test.cpp      20     - test tid 90
2017-04-11 22:31:41 UNKNOW 11016    log_test.cpp      20     - test tid 91
2017-04-11 22:31:41 UNKNOW 11016    log_test.cpp      20     - test tid 92
2017-04-11 22:31:41 UNKNOW 11016    log_test.cpp      20     - test tid 93
2017-04-11 22:31:41 UNKNOW 11016    log_test.cpp      20     - test tid 94
2017-04-11 22:31:41 UNKNOW 11016    log_test.cpp      20     - test tid 95
2017-04-11 22:31:41 UNKNOW 11016    log_test.cpp      20     - test tid 96
2017-04-11 22:31:41 UNKNOW 11016    log_test.cpp      20     - test tid 97
2017-04-11 22:31:41 UNKNOW 11016    log_test.cpp      20     - test tid 98
2017-04-11 22:31:41 UNKNOW 11016    log_test.cpp      20     - test tid 99
2017-04-11 22:31:41 UNKNOW 11016    log_test.cpp      20     - test tid 81
2017-04-11 22:31:41 UNKNOW 11016    log_test.cpp      20     - test tid 82
2017-04-11 22:31:41 UNKNOW 11016    log_test.cpp      20     - test tid 83
2017-04-11 22:31:41 UNKNOW 11016    log_test.cpp      20     - test tid 84
2017-04-11 22:31:41 UNKNOW 11016    log_test.cpp      20     - test tid 85
2017-04-11 22:31:41 UNKNOW 11016    log_test.cpp      20     - test tid 86
2017-04-11 22:31:41 UNKNOW 11016    log_test.cpp      20     - test tid 87
2017-04-11 22:31:41 UNKNOW 11016    log_test.cpp      20     - test tid 88
2017-04-11 22:31:41 UNKNOW 11016    log_test.cpp      20     - test tid 89
2017-04-11 22:31:41 UNKNOW 11016    log_test.cpp      20     - test tid 90
2017-04-11 22:31:41 UNKNOW 11016    log_test.cpp      20     - test tid 91
2017-04-11 22:31:41 UNKNOW 11016    log_test.cpp      20     - test tid 92
2017-04-11 22:31:41 UNKNOW 11016    log_test.cpp      20     - test tid 93
2017-04-11 22:31:41 UNKNOW 11016    log_test.cpp      20     - test tid 94
2017-04-11 22:31:41 UNKNOW 11016    log_test.cpp      20     - test tid 95
2017-04-11 22:31:41 UNKNOW 11016    log_test.cpp      20     - test tid 96
2017-04-11 22:31:41 UNKNOW 11016    log_test.cpp      20     - test tid 97
2017-04-11 22:31:41 UNKNOW 11016    log_test.cpp      20     - test tid 98
2017-04-11 22:31:41 UNKNOW 11016    log_test.cpp      20     - test tid 99
2017-04-11 22:31:41 UNKNOW 11016    log_test.cpp      20     - test tid 42
2017-04-11 22:31:41 UNKNOW 11016    log_test.cpp      20     - test tid 43
2017-04-11 22:31:41 UNKNOW 11016    log_test.cpp      20     - test tid 44
2017-04-11 22:31:41 UNKNOW 11016    log_test.cpp      20     - test tid 45
2017-04-11 22:31:41 UNKNOW 11016    log_test.cpp      20     - test tid 46
2017-04-11 22:31:41 UNKNOW 11016    log_test.cpp      20     - test tid 47
2017-04-11 22:31:41 UNKNOW 11016    log_test.cpp      20     - test tid 48
2017-04-11 22:31:41 UNKNOW 11016    log_test.cpp      20     - test tid 49
2017-04-11 22:31:41 UNKNOW 11016    log_test.cpp      20     - test tid 50
2017-04-11 22:31:41 UNKNOW 11016    log_test.cpp      20     - test tid 51
2017-04-11 22:31:41 UNKNOW 11016    log_test.cpp      20     - test tid 52
2017-04-11 22:31:41 UNKNOW 11016    log_test.cpp      20     - test tid 53
2017-04-11 22:31:41 UNKNOW 11016    log_test.cpp      20     - test tid 54
2017-04-11 22:31:41 UNKNOW 11016    log_test.cpp      20     - test tid 55
2017-04-11 22:31:41 UNKNOW 11016    log_test.cpp      20     - test tid 56
2017-04-11 22:31:41 UNKNOW 11016    log_test.cpp      20     - test tid 57
2017-04-11 22:31:41 UNKNOW 11016    log_test.cpp      20     - test tid 58
2017-04-11 22:31:41 UNKNOW 11016    log_test.cpp      20     - test tid 59
2017-04-11 22:31:41 UNKNOW 11016    log_test.cpp      20     - test tid 60
2017-04-11 22:31:41 UNKNOW 11016    log_test.cpp      20     - test tid 61
2017-04-11 22:31:41 UNKNOW 11016    log_test.cpp      20     - test tid 62
2017-04-11 22:31:41 UNKNOW 11016    log_test.cpp      20     - test tid 63
2017-04-11 22:31:41 UNKNOW 11016    log_test.cpp      20     - test tid 64
2017-04-11 22:31:41 UNKNOW 11016    log_test.cpp      20     - test tid 65
2017-04-11 22:31:41 UNKNOW 11016    log_test.cpp      20     - test tid 66
2017-04-11 22:31:41 UNKNOW 11016    log_test.cpp      20     - test tid 67
2017-04-11 22:31:41 UNKNOW 11016    log_test.cpp      20     - test tid 68
2017-04-11 22:31:41 UNKNOW 11016    log_test.cpp      20     - test tid 69
2017-04-11 22:31:41 UNKNOW 11016    log_test.cpp      20     - test tid 70
2017-04-11 22:31:41 UNKNOW 11016    log_test.cpp      20     - test tid 71
2017-04-11 22:31:41 UNKNOW 11016    log_test.cpp      20     - test tid 72
2017-04-11 22:31:41 UNKNOW 11016    log_test.cpp      20     - test tid 73
2017-04-11 22:31:41 UNKNOW 11016    log_test.cpp      20     - test tid 74
2017-04-11 22:31:41 UNKNOW 11016    log_test.cpp      20     - test tid 75
2017-04-11 22:31:41 UNKNOW 11016    log_test.cpp      20     - test tid 76
2017-04-11 22:31:41 UNKNOW 11016    log_test.cpp      20     - test tid 77
2017-04-11 22:31:41 UNKNOW 11016    log_test.cpp      20     - test tid 78
2017-04-11 22:31:41 UNKNOW 11016    log_test.cpp      20     - test tid 79
2017-04-11 22:31:41 UNKNOW 11016    log_test.cpp      20     - test tid 80
2017-04-11 22:31:41 UNKNOW 11016    log_test.cpp      20     - test tid 81
2017-04-11 22:31:41 UNKNOW 11016    log_test.cpp      20     - test tid 82
2017-04-11 22:31:41 UNKNOW 11016    log_test.cpp      20     - test tid 83
2017-04-11 22:31:41 UNKNOW 11016    log_test.cpp      20     - test tid 84
2017-04-11 22:31:41 UNKNOW 11016    log_test.cpp      20     - test tid 85
2017-04-11 22:31:41 UNKNOW 11016    log_test.cpp      20     - test tid 86
2017-04-11 22:31:41 UNKNOW 11016    log_test.cpp      20     - test tid 87
2017-04-11 22:31:41 UNKNOW 11016    log_test.cpp      20     - test tid 88
2017-04-11 22:31:41 UNKNOW 11016    log_test.cpp      20     - test tid 89
2017-04-11 22:31:41 UNKNOW 11016    log_test.cpp      20     - test tid 90
2017-04-11 22:31:41 UNKNOW 11016    log_test.cpp      20     - test tid 91
2017-04-11 22:31:41 UNKNOW 11016    log_test.cpp      20     - test tid 92
2017-04-11 22:31:41 UNKNOW 11016    log_test.cpp      20     - test tid 93
2017-04-11 22:31:41 UNKNOW 11016    log_test.cpp      20     - test tid 94
2017-04-11 22:31:41 UNKNOW 11016    log_test.cpp      20     - test tid 95
2017-04-11 22:31:41 UNKNOW 11016    log_test.cpp      20     - test tid 96
2017-04-11 22:31:41 UNKNOW 11016    log_test.cpp      20     - test tid 97
2017-04-11 22:31:41 UNKNOW 11016    log_test.cpp      20     - test tid 98
2017-04-11 22:31:41 UNKNOW 11016    log_test.cpp      20     - test tid 99
2017-04-11 22:31:41 UNKNOW 11016    log_test.cpp      20     - test tid 64
2017-04-11 22:31:41 UNKNOW 11016    log_test.cpp      20     - test tid 65
2017-04-11 22:31:41 UNKNOW 11016    log_test.cpp      20     - test tid 66
2017-04-11 22:31:41 UNKNOW 11016    log_test.cpp      20     - test tid 67
2017-04-11 22:31:41 UNKNOW 11016    log_test.cpp      20     - test tid 68
2017-04-11 22:31:41 UNKNOW 11016    log_test.cpp      20     - test tid 69
2017-04-11 22:31:41 UNKNOW 11016    log_test.cpp      20     - test tid 70
2017-04-11 22:31:41 UNKNOW 11016    log_test.cpp      20     - test tid 71
2017-04-11 22:31:41 UNKNOW 11016    log_test.cpp      20     - test tid 72
2017-04-11 22:31:41 UNKNOW 11016    log_test.cpp      20     - test tid 73
2017-04-11 22:31:41 UNKNOW 11016    log_test.cpp      20     - test tid 74
2017-04-11 22:31:41 UNKNOW 11016    log_test.cpp      20     - test tid 75
2017-04-11 22:31:41 UNKNOW 11016    log_test.cpp      20     - test tid 76
2017-04-11 22:31:41 UNKNOW 11016    log_test.cpp      20     - test tid 77
2017-04-11 22:31:41 UNKNOW 11016    log_test.cpp      20     - test tid 78
2017-04-11 22:31:41 UNKNOW 11016    log_test.cpp      20     - test tid 79
2017-04-11 22:31:41 UNKNOW 11016    log_test.cpp      20     - test tid 80
2017-04-11 22:31:41 UNKNOW 11016    log_test.cpp      20     - test tid 81
2017-04-11 22:31:41 UNKNOW 11016    log_test.cpp      20     - test tid 82
2017-04-11 22:31:41 UNKNOW 11016    log_test.cpp      20     - test tid 83
2017-04-11 22:31:41 UNKNOW 11016    log_test.cpp      20     - test tid 84
2017-04-11 22:31:41 UNKNOW 11016    log_test.cpp      20     - test tid 85
2017-04-11 22:31:41 UNKNOW 11016    log_test.cpp      20     - test tid 86
2017-04-11 22:31:41 UNKNOW 11016    log_test.cpp      20     - test tid 87
2017-04-11 22:31:41 UNKNOW 11016    log_test.cpp      20     - test tid 88
2017-04-11 22:31:41 UNKNOW 11016    log_test.cpp      20     - test tid 89
2017-04-11 22:31:41 UNKNOW 11016    log_test.cpp      20     - test tid 90
2017-04-11 22:31:41 UNKNOW 11016    log_test.cpp      20     - test tid 91
2017-04-11 22:31:41 UNKNOW 11016    log_test.cpp      20     - test tid 92
2017-04-11 22:31:41 UNKNOW 11016    log_test.cpp      20     - test tid 93
2017-04-11 22:31:41 UNKNOW 11016    log_test.cpp      20     - test tid 94
2017-04-11 22:31:41 UNKNOW 11016    log_test.cpp      20     - test tid 95
2017-04-11 22:31:41 UNKNOW 11016    log_test.cpp      20     - test tid 96
2017-04-11 22:31:41 UNKNOW 11016    log_test.cpp      20     - test tid 97
2017-04-11 22:31:41 UNKNOW 11016    log_test.cpp      20     - test tid 98
2017-04-11 22:31:41 UNKNOW 11016    log_test.cpp      20     - test tid 99
